Warning: TestRig moved to org.antlr.v4.gui.TestRig; calling automatically
enter   compilation, LT(1)=package
enter   compilation_unit, LT(1)=package
enter   library_item, LT(1)=package
enter   library_unit_body, LT(1)=package
enter   package_body, LT(1)=package
consume [@0,195:201='package',<58>,7:0] rule package_body
consume [@1,203:206='body',<27>,7:8] rule package_body
enter   defining_program_unit_name, LT(1)=IAC_FLIGHT_PLAN_TYPES
enter   defining_identifier, LT(1)=IAC_FLIGHT_PLAN_TYPES
consume [@2,208:228='IAC_FLIGHT_PLAN_TYPES',<96>,7:13] rule defining_identifier
exit    defining_identifier, LT(1)=is
exit    defining_program_unit_name, LT(1)=is
consume [@3,230:231='is',<47>,7:35] rule package_body
enter   declarative_part, LT(1)=body_ident
enter   declarative_item, LT(1)=body_ident
enter   basic_declarative_item, LT(1)=body_ident
enter   basic_declaration, LT(1)=body_ident
enter   object_declaration, LT(1)=body_ident
enter   defining_identifier_list, LT(1)=body_ident
enter   defining_identifier, LT(1)=body_ident
consume [@4,304:313='body_ident',<96>,11:0] rule defining_identifier
exit    defining_identifier, LT(1)=:
exit    defining_identifier_list, LT(1)=:
consume [@5,315:315=':',<6>,11:11] rule object_declaration
consume [@6,317:324='constant',<29>,11:13] rule object_declaration
enter   subtype_indication, LT(1)=STRING
enter   subtype_mark, LT(1)=STRING
enter   subtype_name, LT(1)=STRING
enter   name, LT(1)=STRING
enter   direct_name, LT(1)=STRING
consume [@7,326:331='STRING',<96>,11:22] rule direct_name
exit    direct_name, LT(1)=:=
exit    name, LT(1)=:=
exit    subtype_name, LT(1)=:=
exit    subtype_mark, LT(1)=:=
exit    subtype_indication, LT(1)=:=
consume [@8,333:334=':=',<7>,11:29] rule object_declaration
enter   expression, LT(1)=" @(#) TAAATS PROGRAM FILE iac_flight_plan_types_b.a Release 1.1 3/6/98 06:09:12 ~"
enter   relation, LT(1)=" @(#) TAAATS PROGRAM FILE iac_flight_plan_types_b.a Release 1.1 3/6/98 06:09:12 ~"
enter   simple_expression, LT(1)=" @(#) TAAATS PROGRAM FILE iac_flight_plan_types_b.a Release 1.1 3/6/98 06:09:12 ~"
enter   term, LT(1)=" @(#) TAAATS PROGRAM FILE iac_flight_plan_types_b.a Release 1.1 3/6/98 06:09:12 ~"
enter   factor, LT(1)=" @(#) TAAATS PROGRAM FILE iac_flight_plan_types_b.a Release 1.1 3/6/98 06:09:12 ~"
enter   primary, LT(1)=" @(#) TAAATS PROGRAM FILE iac_flight_plan_types_b.a Release 1.1 3/6/98 06:09:12 ~"
consume [@9,336:418='" @(#) TAAATS PROGRAM FILE iac_flight_plan_types_b.a Release 1.1 3/6/98 06:09:12 ~"',<88>,11:32] rule primary
exit    primary, LT(1)=;
exit    factor, LT(1)=;
exit    term, LT(1)=;
exit    simple_expression, LT(1)=;
exit    relation, LT(1)=;
exit    expression, LT(1)=;
consume [@10,419:419=';',<4>,11:115] rule object_declaration
exit    object_declaration, LT(1)=function
exit    basic_declaration, LT(1)=function
exit    basic_declarative_item, LT(1)=function
exit    declarative_item, LT(1)=function
enter   declarative_item, LT(1)=function
enter   body_block, LT(1)=function
enter   proper_body, LT(1)=function
enter   subprogram_body, LT(1)=function
enter   subprogram_specification, LT(1)=function
consume [@11,1064:1071='function',<42>,35:0] rule subprogram_specification
enter   defining_designator, LT(1)=IS_ELIGIBLE_FOR_POSITION_REPORT
enter   defining_program_unit_name, LT(1)=IS_ELIGIBLE_FOR_POSITION_REPORT
enter   defining_identifier, LT(1)=IS_ELIGIBLE_FOR_POSITION_REPORT
consume [@12,1073:1103='IS_ELIGIBLE_FOR_POSITION_REPORT',<96>,35:9] rule defining_identifier
exit    defining_identifier, LT(1)=(
exit    defining_program_unit_name, LT(1)=(
exit    defining_designator, LT(1)=(
enter   parameter_and_result_profile, LT(1)=(
enter   formal_part, LT(1)=(
consume [@13,1105:1105='(',<1>,35:41] rule formal_part
enter   parameter_specification, LT(1)=FIX_KIND
enter   defining_identifier_list, LT(1)=FIX_KIND
enter   defining_identifier, LT(1)=FIX_KIND
consume [@14,1107:1114='FIX_KIND',<96>,35:43] rule defining_identifier
exit    defining_identifier, LT(1)=:
exit    defining_identifier_list, LT(1)=:
consume [@15,1116:1116=':',<6>,35:52] rule parameter_specification
enter   io_mode, LT(1)=in
consume [@16,1118:1119='in',<46>,35:54] rule io_mode
exit    io_mode, LT(1)=POINT_KIND_T
enter   subtype_mark, LT(1)=POINT_KIND_T
enter   subtype_name, LT(1)=POINT_KIND_T
enter   name, LT(1)=POINT_KIND_T
enter   direct_name, LT(1)=POINT_KIND_T
consume [@17,1121:1132='POINT_KIND_T',<96>,35:57] rule direct_name
exit    direct_name, LT(1)=)
exit    name, LT(1)=)
exit    subtype_name, LT(1)=)
exit    subtype_mark, LT(1)=)
exit    parameter_specification, LT(1)=)
consume [@18,1133:1133=')',<3>,35:69] rule formal_part
exit    formal_part, LT(1)=return
consume [@19,1135:1140='return',<69>,35:71] rule parameter_and_result_profile
enter   subtype_mark, LT(1)=BOOLEAN
enter   subtype_name, LT(1)=BOOLEAN
enter   name, LT(1)=BOOLEAN
enter   direct_name, LT(1)=BOOLEAN
consume [@20,1142:1148='BOOLEAN',<96>,35:78] rule direct_name
exit    direct_name, LT(1)=is
exit    name, LT(1)=is
exit    subtype_name, LT(1)=is
exit    subtype_mark, LT(1)=is
exit    parameter_and_result_profile, LT(1)=is
exit    subprogram_specification, LT(1)=is
consume [@21,1150:1151='is',<47>,35:86] rule subprogram_body
enter   declarative_part, LT(1)=begin
exit    declarative_part, LT(1)=begin
consume [@22,1156:1160='begin',<26>,37:2] rule subprogram_body
enter   handled_sequence_of_statements, LT(1)=case
enter   sequence_of_statements, LT(1)=case
enter   statement, LT(1)=case
enter   compound_statement, LT(1)=case
enter   case_statement, LT(1)=case
consume [@23,1166:1169='case',<28>,38:4] rule case_statement
enter   expression, LT(1)=FIX_KIND
enter   relation, LT(1)=FIX_KIND
enter   simple_expression, LT(1)=FIX_KIND
enter   term, LT(1)=FIX_KIND
enter   factor, LT(1)=FIX_KIND
enter   primary, LT(1)=FIX_KIND
enter   name, LT(1)=FIX_KIND
enter   direct_name, LT(1)=FIX_KIND
consume [@24,1171:1178='FIX_KIND',<96>,38:9] rule direct_name
exit    direct_name, LT(1)=is
exit    name, LT(1)=is
exit    primary, LT(1)=is
exit    factor, LT(1)=is
exit    term, LT(1)=is
exit    simple_expression, LT(1)=is
exit    relation, LT(1)=is
exit    expression, LT(1)=is
consume [@25,1180:1181='is',<47>,38:18] rule case_statement
enter   case_statement_alternative, LT(1)=when
consume [@26,1190:1193='when',<81>,40:6] rule case_statement_alternative
enter   discrete_choice_list, LT(1)=RP
enter   discrete_choice, LT(1)=RP
enter   expression, LT(1)=RP
enter   relation, LT(1)=RP
enter   simple_expression, LT(1)=RP
enter   term, LT(1)=RP
enter   factor, LT(1)=RP
enter   primary, LT(1)=RP
enter   name, LT(1)=RP
enter   direct_name, LT(1)=RP
consume [@27,1195:1196='RP',<96>,40:11] rule direct_name
exit    direct_name, LT(1)==>
exit    name, LT(1)==>
exit    primary, LT(1)==>
exit    factor, LT(1)==>
exit    term, LT(1)==>
exit    simple_expression, LT(1)==>
exit    relation, LT(1)==>
exit    expression, LT(1)==>
exit    discrete_choice, LT(1)==>
exit    discrete_choice_list, LT(1)==>
consume [@28,1198:1199='=>',<5>,40:14] rule case_statement_alternative
enter   sequence_of_statements, LT(1)=return
enter   statement, LT(1)=return
enter   simple_statement, LT(1)=return
enter   return_statement, LT(1)=return
consume [@29,1209:1214='return',<69>,41:8] rule return_statement
enter   expression, LT(1)=TRUE
enter   relation, LT(1)=TRUE
enter   simple_expression, LT(1)=TRUE
enter   term, LT(1)=TRUE
enter   factor, LT(1)=TRUE
enter   primary, LT(1)=TRUE
enter   name, LT(1)=TRUE
enter   direct_name, LT(1)=TRUE
consume [@30,1216:1219='TRUE',<96>,41:15] rule direct_name
exit    direct_name, LT(1)=;
exit    name, LT(1)=;
exit    primary, LT(1)=;
exit    factor, LT(1)=;
exit    term, LT(1)=;
exit    simple_expression, LT(1)=;
exit    relation, LT(1)=;
exit    expression, LT(1)=;
consume [@31,1220:1220=';',<4>,41:19] rule return_statement
exit    return_statement, LT(1)=when
exit    simple_statement, LT(1)=when
exit    statement, LT(1)=when
exit    sequence_of_statements, LT(1)=when
exit    case_statement_alternative, LT(1)=when
enter   case_statement_alternative, LT(1)=when
consume [@32,1228:1231='when',<81>,42:6] rule case_statement_alternative
enter   discrete_choice_list, LT(1)=CP
enter   discrete_choice, LT(1)=CP
enter   expression, LT(1)=CP
enter   relation, LT(1)=CP
enter   simple_expression, LT(1)=CP
enter   term, LT(1)=CP
enter   factor, LT(1)=CP
enter   primary, LT(1)=CP
enter   name, LT(1)=CP
enter   direct_name, LT(1)=CP
consume [@33,1233:1234='CP',<96>,42:11] rule direct_name
exit    direct_name, LT(1)==>
exit    name, LT(1)==>
exit    primary, LT(1)==>
exit    factor, LT(1)==>
exit    term, LT(1)==>
exit    simple_expression, LT(1)==>
exit    relation, LT(1)==>
exit    expression, LT(1)==>
exit    discrete_choice, LT(1)==>
exit    discrete_choice_list, LT(1)==>
consume [@34,1236:1237='=>',<5>,42:14] rule case_statement_alternative
enter   sequence_of_statements, LT(1)=return
enter   statement, LT(1)=return
enter   simple_statement, LT(1)=return
enter   return_statement, LT(1)=return
consume [@35,1247:1252='return',<69>,43:8] rule return_statement
enter   expression, LT(1)=FALSE
enter   relation, LT(1)=FALSE
enter   simple_expression, LT(1)=FALSE
enter   term, LT(1)=FALSE
enter   factor, LT(1)=FALSE
enter   primary, LT(1)=FALSE
enter   name, LT(1)=FALSE
enter   direct_name, LT(1)=FALSE
consume [@36,1254:1258='FALSE',<96>,43:15] rule direct_name
exit    direct_name, LT(1)=;
exit    name, LT(1)=;
exit    primary, LT(1)=;
exit    factor, LT(1)=;
exit    term, LT(1)=;
exit    simple_expression, LT(1)=;
exit    relation, LT(1)=;
exit    expression, LT(1)=;
consume [@37,1259:1259=';',<4>,43:20] rule return_statement
exit    return_statement, LT(1)=when
exit    simple_statement, LT(1)=when
exit    statement, LT(1)=when
exit    sequence_of_statements, LT(1)=when
exit    case_statement_alternative, LT(1)=when
enter   case_statement_alternative, LT(1)=when
consume [@38,1267:1270='when',<81>,44:6] rule case_statement_alternative
enter   discrete_choice_list, LT(1)=GP
enter   discrete_choice, LT(1)=GP
enter   expression, LT(1)=GP
enter   relation, LT(1)=GP
enter   simple_expression, LT(1)=GP
enter   term, LT(1)=GP
enter   factor, LT(1)=GP
enter   primary, LT(1)=GP
enter   name, LT(1)=GP
enter   direct_name, LT(1)=GP
consume [@39,1272:1273='GP',<96>,44:11] rule direct_name
exit    direct_name, LT(1)==>
exit    name, LT(1)==>
exit    primary, LT(1)==>
exit    factor, LT(1)==>
exit    term, LT(1)==>
exit    simple_expression, LT(1)==>
exit    relation, LT(1)==>
exit    expression, LT(1)==>
exit    discrete_choice, LT(1)==>
exit    discrete_choice_list, LT(1)==>
consume [@40,1275:1276='=>',<5>,44:14] rule case_statement_alternative
enter   sequence_of_statements, LT(1)=return
enter   statement, LT(1)=return
enter   simple_statement, LT(1)=return
enter   return_statement, LT(1)=return
consume [@41,1286:1291='return',<69>,45:8] rule return_statement
enter   expression, LT(1)=TRUE
enter   relation, LT(1)=TRUE
enter   simple_expression, LT(1)=TRUE
enter   term, LT(1)=TRUE
enter   factor, LT(1)=TRUE
enter   primary, LT(1)=TRUE
enter   name, LT(1)=TRUE
enter   direct_name, LT(1)=TRUE
consume [@42,1293:1296='TRUE',<96>,45:15] rule direct_name
exit    direct_name, LT(1)=;
exit    name, LT(1)=;
exit    primary, LT(1)=;
exit    factor, LT(1)=;
exit    term, LT(1)=;
exit    simple_expression, LT(1)=;
exit    relation, LT(1)=;
exit    expression, LT(1)=;
consume [@43,1297:1297=';',<4>,45:19] rule return_statement
exit    return_statement, LT(1)=when
exit    simple_statement, LT(1)=when
exit    statement, LT(1)=when
exit    sequence_of_statements, LT(1)=when
exit    case_statement_alternative, LT(1)=when
enter   case_statement_alternative, LT(1)=when
consume [@44,1305:1308='when',<81>,46:6] rule case_statement_alternative
enter   discrete_choice_list, LT(1)=UPR
enter   discrete_choice, LT(1)=UPR
enter   expression, LT(1)=UPR
enter   relation, LT(1)=UPR
enter   simple_expression, LT(1)=UPR
enter   term, LT(1)=UPR
enter   factor, LT(1)=UPR
enter   primary, LT(1)=UPR
enter   name, LT(1)=UPR
enter   direct_name, LT(1)=UPR
consume [@45,1310:1312='UPR',<96>,46:11] rule direct_name
exit    direct_name, LT(1)==>
exit    name, LT(1)==>
exit    primary, LT(1)==>
exit    factor, LT(1)==>
exit    term, LT(1)==>
exit    simple_expression, LT(1)==>
exit    relation, LT(1)==>
exit    expression, LT(1)==>
exit    discrete_choice, LT(1)==>
exit    discrete_choice_list, LT(1)==>
consume [@46,1314:1315='=>',<5>,46:15] rule case_statement_alternative
enter   sequence_of_statements, LT(1)=return
enter   statement, LT(1)=return
enter   simple_statement, LT(1)=return
enter   return_statement, LT(1)=return
consume [@47,1325:1330='return',<69>,47:8] rule return_statement
enter   expression, LT(1)=TRUE
enter   relation, LT(1)=TRUE
enter   simple_expression, LT(1)=TRUE
enter   term, LT(1)=TRUE
enter   factor, LT(1)=TRUE
enter   primary, LT(1)=TRUE
enter   name, LT(1)=TRUE
enter   direct_name, LT(1)=TRUE
consume [@48,1332:1335='TRUE',<96>,47:15] rule direct_name
exit    direct_name, LT(1)=;
exit    name, LT(1)=;
exit    primary, LT(1)=;
exit    factor, LT(1)=;
exit    term, LT(1)=;
exit    simple_expression, LT(1)=;
exit    relation, LT(1)=;
exit    expression, LT(1)=;
consume [@49,1336:1336=';',<4>,47:19] rule return_statement
exit    return_statement, LT(1)=when
exit    simple_statement, LT(1)=when
exit    statement, LT(1)=when
exit    sequence_of_statements, LT(1)=when
exit    case_statement_alternative, LT(1)=when
enter   case_statement_alternative, LT(1)=when
consume [@50,1344:1347='when',<81>,48:6] rule case_statement_alternative
enter   discrete_choice_list, LT(1)=EOC_POINT
enter   discrete_choice, LT(1)=EOC_POINT
enter   expression, LT(1)=EOC_POINT
enter   relation, LT(1)=EOC_POINT
enter   simple_expression, LT(1)=EOC_POINT
enter   term, LT(1)=EOC_POINT
enter   factor, LT(1)=EOC_POINT
enter   primary, LT(1)=EOC_POINT
enter   name, LT(1)=EOC_POINT
enter   direct_name, LT(1)=EOC_POINT
consume [@51,1349:1357='EOC_POINT',<96>,48:11] rule direct_name
exit    direct_name, LT(1)==>
exit    name, LT(1)==>
exit    primary, LT(1)==>
exit    factor, LT(1)==>
exit    term, LT(1)==>
exit    simple_expression, LT(1)==>
exit    relation, LT(1)==>
exit    expression, LT(1)==>
exit    discrete_choice, LT(1)==>
exit    discrete_choice_list, LT(1)==>
consume [@52,1359:1360='=>',<5>,48:21] rule case_statement_alternative
enter   sequence_of_statements, LT(1)=return
enter   statement, LT(1)=return
enter   simple_statement, LT(1)=return
enter   return_statement, LT(1)=return
consume [@53,1370:1375='return',<69>,49:8] rule return_statement
enter   expression, LT(1)=FALSE
enter   relation, LT(1)=FALSE
enter   simple_expression, LT(1)=FALSE
enter   term, LT(1)=FALSE
enter   factor, LT(1)=FALSE
enter   primary, LT(1)=FALSE
enter   name, LT(1)=FALSE
enter   direct_name, LT(1)=FALSE
consume [@54,1377:1381='FALSE',<96>,49:15] rule direct_name
exit    direct_name, LT(1)=;
exit    name, LT(1)=;
exit    primary, LT(1)=;
exit    factor, LT(1)=;
exit    term, LT(1)=;
exit    simple_expression, LT(1)=;
exit    relation, LT(1)=;
exit    expression, LT(1)=;
consume [@55,1382:1382=';',<4>,49:20] rule return_statement
exit    return_statement, LT(1)=when
exit    simple_statement, LT(1)=when
exit    statement, LT(1)=when
exit    sequence_of_statements, LT(1)=when
exit    case_statement_alternative, LT(1)=when
enter   case_statement_alternative, LT(1)=when
consume [@56,1390:1393='when',<81>,50:6] rule case_statement_alternative
enter   discrete_choice_list, LT(1)=EXT_POINT
enter   discrete_choice, LT(1)=EXT_POINT
enter   expression, LT(1)=EXT_POINT
enter   relation, LT(1)=EXT_POINT
enter   simple_expression, LT(1)=EXT_POINT
enter   term, LT(1)=EXT_POINT
enter   factor, LT(1)=EXT_POINT
enter   primary, LT(1)=EXT_POINT
enter   name, LT(1)=EXT_POINT
enter   direct_name, LT(1)=EXT_POINT
consume [@57,1395:1403='EXT_POINT',<96>,50:11] rule direct_name
exit    direct_name, LT(1)==>
exit    name, LT(1)==>
exit    primary, LT(1)==>
exit    factor, LT(1)==>
exit    term, LT(1)==>
exit    simple_expression, LT(1)==>
exit    relation, LT(1)==>
exit    expression, LT(1)==>
exit    discrete_choice, LT(1)==>
exit    discrete_choice_list, LT(1)==>
consume [@58,1405:1406='=>',<5>,50:21] rule case_statement_alternative
enter   sequence_of_statements, LT(1)=return
enter   statement, LT(1)=return
enter   simple_statement, LT(1)=return
enter   return_statement, LT(1)=return
consume [@59,1416:1421='return',<69>,51:8] rule return_statement
enter   expression, LT(1)=TRUE
enter   relation, LT(1)=TRUE
enter   simple_expression, LT(1)=TRUE
enter   term, LT(1)=TRUE
enter   factor, LT(1)=TRUE
enter   primary, LT(1)=TRUE
enter   name, LT(1)=TRUE
enter   direct_name, LT(1)=TRUE
consume [@60,1423:1426='TRUE',<96>,51:15] rule direct_name
exit    direct_name, LT(1)=;
exit    name, LT(1)=;
exit    primary, LT(1)=;
exit    factor, LT(1)=;
exit    term, LT(1)=;
exit    simple_expression, LT(1)=;
exit    relation, LT(1)=;
exit    expression, LT(1)=;
consume [@61,1427:1427=';',<4>,51:19] rule return_statement
exit    return_statement, LT(1)=when
exit    simple_statement, LT(1)=when
exit    statement, LT(1)=when
exit    sequence_of_statements, LT(1)=when
exit    case_statement_alternative, LT(1)=when
enter   case_statement_alternative, LT(1)=when
consume [@62,1435:1438='when',<81>,52:6] rule case_statement_alternative
enter   discrete_choice_list, LT(1)=ENT_POINT
enter   discrete_choice, LT(1)=ENT_POINT
enter   expression, LT(1)=ENT_POINT
enter   relation, LT(1)=ENT_POINT
enter   simple_expression, LT(1)=ENT_POINT
enter   term, LT(1)=ENT_POINT
enter   factor, LT(1)=ENT_POINT
enter   primary, LT(1)=ENT_POINT
enter   name, LT(1)=ENT_POINT
enter   direct_name, LT(1)=ENT_POINT
consume [@63,1440:1448='ENT_POINT',<96>,52:11] rule direct_name
exit    direct_name, LT(1)==>
exit    name, LT(1)==>
exit    primary, LT(1)==>
exit    factor, LT(1)==>
exit    term, LT(1)==>
exit    simple_expression, LT(1)==>
exit    relation, LT(1)==>
exit    expression, LT(1)==>
exit    discrete_choice, LT(1)==>
exit    discrete_choice_list, LT(1)==>
consume [@64,1450:1451='=>',<5>,52:21] rule case_statement_alternative
enter   sequence_of_statements, LT(1)=return
enter   statement, LT(1)=return
enter   simple_statement, LT(1)=return
enter   return_statement, LT(1)=return
consume [@65,1461:1466='return',<69>,53:8] rule return_statement
enter   expression, LT(1)=TRUE
enter   relation, LT(1)=TRUE
enter   simple_expression, LT(1)=TRUE
enter   term, LT(1)=TRUE
enter   factor, LT(1)=TRUE
enter   primary, LT(1)=TRUE
enter   name, LT(1)=TRUE
enter   direct_name, LT(1)=TRUE
consume [@66,1468:1471='TRUE',<96>,53:15] rule direct_name
exit    direct_name, LT(1)=;
exit    name, LT(1)=;
exit    primary, LT(1)=;
exit    factor, LT(1)=;
exit    term, LT(1)=;
exit    simple_expression, LT(1)=;
exit    relation, LT(1)=;
exit    expression, LT(1)=;
consume [@67,1472:1472=';',<4>,53:19] rule return_statement
exit    return_statement, LT(1)=when
exit    simple_statement, LT(1)=when
exit    statement, LT(1)=when
exit    sequence_of_statements, LT(1)=when
exit    case_statement_alternative, LT(1)=when
enter   case_statement_alternative, LT(1)=when
consume [@68,1480:1483='when',<81>,54:6] rule case_statement_alternative
enter   discrete_choice_list, LT(1)=TRANS_POINT
enter   discrete_choice, LT(1)=TRANS_POINT
enter   expression, LT(1)=TRANS_POINT
enter   relation, LT(1)=TRANS_POINT
enter   simple_expression, LT(1)=TRANS_POINT
enter   term, LT(1)=TRANS_POINT
enter   factor, LT(1)=TRANS_POINT
enter   primary, LT(1)=TRANS_POINT
enter   name, LT(1)=TRANS_POINT
enter   direct_name, LT(1)=TRANS_POINT
consume [@69,1485:1495='TRANS_POINT',<96>,54:11] rule direct_name
exit    direct_name, LT(1)==>
exit    name, LT(1)==>
exit    primary, LT(1)==>
exit    factor, LT(1)==>
exit    term, LT(1)==>
exit    simple_expression, LT(1)==>
exit    relation, LT(1)==>
exit    expression, LT(1)==>
exit    discrete_choice, LT(1)==>
exit    discrete_choice_list, LT(1)==>
consume [@70,1497:1498='=>',<5>,54:23] rule case_statement_alternative
enter   sequence_of_statements, LT(1)=return
enter   statement, LT(1)=return
enter   simple_statement, LT(1)=return
enter   return_statement, LT(1)=return
consume [@71,1508:1513='return',<69>,55:8] rule return_statement
enter   expression, LT(1)=TRUE
enter   relation, LT(1)=TRUE
enter   simple_expression, LT(1)=TRUE
enter   term, LT(1)=TRUE
enter   factor, LT(1)=TRUE
enter   primary, LT(1)=TRUE
enter   name, LT(1)=TRUE
enter   direct_name, LT(1)=TRUE
consume [@72,1515:1518='TRUE',<96>,55:15] rule direct_name
exit    direct_name, LT(1)=;
exit    name, LT(1)=;
exit    primary, LT(1)=;
exit    factor, LT(1)=;
exit    term, LT(1)=;
exit    simple_expression, LT(1)=;
exit    relation, LT(1)=;
exit    expression, LT(1)=;
consume [@73,1519:1519=';',<4>,55:19] rule return_statement
exit    return_statement, LT(1)=when
exit    simple_statement, LT(1)=when
exit    statement, LT(1)=when
exit    sequence_of_statements, LT(1)=when
exit    case_statement_alternative, LT(1)=when
enter   case_statement_alternative, LT(1)=when
consume [@74,1527:1530='when',<81>,56:6] rule case_statement_alternative
enter   discrete_choice_list, LT(1)=AIRPORT
enter   discrete_choice, LT(1)=AIRPORT
enter   expression, LT(1)=AIRPORT
enter   relation, LT(1)=AIRPORT
enter   simple_expression, LT(1)=AIRPORT
enter   term, LT(1)=AIRPORT
enter   factor, LT(1)=AIRPORT
enter   primary, LT(1)=AIRPORT
enter   name, LT(1)=AIRPORT
enter   direct_name, LT(1)=AIRPORT
consume [@75,1532:1538='AIRPORT',<96>,56:11] rule direct_name
exit    direct_name, LT(1)==>
exit    name, LT(1)==>
exit    primary, LT(1)==>
exit    factor, LT(1)==>
exit    term, LT(1)==>
exit    simple_expression, LT(1)==>
exit    relation, LT(1)==>
exit    expression, LT(1)==>
exit    discrete_choice, LT(1)==>
exit    discrete_choice_list, LT(1)==>
consume [@76,1540:1541='=>',<5>,56:19] rule case_statement_alternative
enter   sequence_of_statements, LT(1)=return
enter   statement, LT(1)=return
enter   simple_statement, LT(1)=return
enter   return_statement, LT(1)=return
consume [@77,1551:1556='return',<69>,57:8] rule return_statement
enter   expression, LT(1)=TRUE
enter   relation, LT(1)=TRUE
enter   simple_expression, LT(1)=TRUE
enter   term, LT(1)=TRUE
enter   factor, LT(1)=TRUE
enter   primary, LT(1)=TRUE
enter   name, LT(1)=TRUE
enter   direct_name, LT(1)=TRUE
consume [@78,1558:1561='TRUE',<96>,57:15] rule direct_name
exit    direct_name, LT(1)=;
exit    name, LT(1)=;
exit    primary, LT(1)=;
exit    factor, LT(1)=;
exit    term, LT(1)=;
exit    simple_expression, LT(1)=;
exit    relation, LT(1)=;
exit    expression, LT(1)=;
consume [@79,1562:1562=';',<4>,57:19] rule return_statement
exit    return_statement, LT(1)=when
exit    simple_statement, LT(1)=when
exit    statement, LT(1)=when
exit    sequence_of_statements, LT(1)=when
exit    case_statement_alternative, LT(1)=when
enter   case_statement_alternative, LT(1)=when
consume [@80,1570:1573='when',<81>,58:6] rule case_statement_alternative
enter   discrete_choice_list, LT(1)=HLD_POINT
enter   discrete_choice, LT(1)=HLD_POINT
enter   expression, LT(1)=HLD_POINT
enter   relation, LT(1)=HLD_POINT
enter   simple_expression, LT(1)=HLD_POINT
enter   term, LT(1)=HLD_POINT
enter   factor, LT(1)=HLD_POINT
enter   primary, LT(1)=HLD_POINT
enter   name, LT(1)=HLD_POINT
enter   direct_name, LT(1)=HLD_POINT
consume [@81,1575:1583='HLD_POINT',<96>,58:11] rule direct_name
exit    direct_name, LT(1)==>
exit    name, LT(1)==>
exit    primary, LT(1)==>
exit    factor, LT(1)==>
exit    term, LT(1)==>
exit    simple_expression, LT(1)==>
exit    relation, LT(1)==>
exit    expression, LT(1)==>
exit    discrete_choice, LT(1)==>
exit    discrete_choice_list, LT(1)==>
consume [@82,1585:1586='=>',<5>,58:21] rule case_statement_alternative
enter   sequence_of_statements, LT(1)=return
enter   statement, LT(1)=return
enter   simple_statement, LT(1)=return
enter   return_statement, LT(1)=return
consume [@83,1596:1601='return',<69>,59:8] rule return_statement
enter   expression, LT(1)=TRUE
enter   relation, LT(1)=TRUE
enter   simple_expression, LT(1)=TRUE
enter   term, LT(1)=TRUE
enter   factor, LT(1)=TRUE
enter   primary, LT(1)=TRUE
enter   name, LT(1)=TRUE
enter   direct_name, LT(1)=TRUE
consume [@84,1603:1606='TRUE',<96>,59:15] rule direct_name
exit    direct_name, LT(1)=;
exit    name, LT(1)=;
exit    primary, LT(1)=;
exit    factor, LT(1)=;
exit    term, LT(1)=;
exit    simple_expression, LT(1)=;
exit    relation, LT(1)=;
exit    expression, LT(1)=;
consume [@85,1607:1607=';',<4>,59:19] rule return_statement
exit    return_statement, LT(1)=when
exit    simple_statement, LT(1)=when
exit    statement, LT(1)=when
exit    sequence_of_statements, LT(1)=when
exit    case_statement_alternative, LT(1)=when
enter   case_statement_alternative, LT(1)=when
consume [@86,1615:1618='when',<81>,60:6] rule case_statement_alternative
enter   discrete_choice_list, LT(1)=FPSA_ENT
enter   discrete_choice, LT(1)=FPSA_ENT
enter   expression, LT(1)=FPSA_ENT
enter   relation, LT(1)=FPSA_ENT
enter   simple_expression, LT(1)=FPSA_ENT
enter   term, LT(1)=FPSA_ENT
enter   factor, LT(1)=FPSA_ENT
enter   primary, LT(1)=FPSA_ENT
enter   name, LT(1)=FPSA_ENT
enter   direct_name, LT(1)=FPSA_ENT
consume [@87,1620:1627='FPSA_ENT',<96>,60:11] rule direct_name
exit    direct_name, LT(1)==>
exit    name, LT(1)==>
exit    primary, LT(1)==>
exit    factor, LT(1)==>
exit    term, LT(1)==>
exit    simple_expression, LT(1)==>
exit    relation, LT(1)==>
exit    expression, LT(1)==>
exit    discrete_choice, LT(1)==>
exit    discrete_choice_list, LT(1)==>
consume [@88,1629:1630='=>',<5>,60:20] rule case_statement_alternative
enter   sequence_of_statements, LT(1)=return
enter   statement, LT(1)=return
enter   simple_statement, LT(1)=return
enter   return_statement, LT(1)=return
consume [@89,1640:1645='return',<69>,61:8] rule return_statement
enter   expression, LT(1)=TRUE
enter   relation, LT(1)=TRUE
enter   simple_expression, LT(1)=TRUE
enter   term, LT(1)=TRUE
enter   factor, LT(1)=TRUE
enter   primary, LT(1)=TRUE
enter   name, LT(1)=TRUE
enter   direct_name, LT(1)=TRUE
consume [@90,1647:1650='TRUE',<96>,61:15] rule direct_name
exit    direct_name, LT(1)=;
exit    name, LT(1)=;
exit    primary, LT(1)=;
exit    factor, LT(1)=;
exit    term, LT(1)=;
exit    simple_expression, LT(1)=;
exit    relation, LT(1)=;
exit    expression, LT(1)=;
consume [@91,1651:1651=';',<4>,61:19] rule return_statement
exit    return_statement, LT(1)=when
exit    simple_statement, LT(1)=when
exit    statement, LT(1)=when
exit    sequence_of_statements, LT(1)=when
exit    case_statement_alternative, LT(1)=when
enter   case_statement_alternative, LT(1)=when
consume [@92,1659:1662='when',<81>,62:6] rule case_statement_alternative
enter   discrete_choice_list, LT(1)=FPSA_EXT
enter   discrete_choice, LT(1)=FPSA_EXT
enter   expression, LT(1)=FPSA_EXT
enter   relation, LT(1)=FPSA_EXT
enter   simple_expression, LT(1)=FPSA_EXT
enter   term, LT(1)=FPSA_EXT
enter   factor, LT(1)=FPSA_EXT
enter   primary, LT(1)=FPSA_EXT
enter   name, LT(1)=FPSA_EXT
enter   direct_name, LT(1)=FPSA_EXT
consume [@93,1664:1671='FPSA_EXT',<96>,62:11] rule direct_name
exit    direct_name, LT(1)==>
exit    name, LT(1)==>
exit    primary, LT(1)==>
exit    factor, LT(1)==>
exit    term, LT(1)==>
exit    simple_expression, LT(1)==>
exit    relation, LT(1)==>
exit    expression, LT(1)==>
exit    discrete_choice, LT(1)==>
exit    discrete_choice_list, LT(1)==>
consume [@94,1673:1674='=>',<5>,62:20] rule case_statement_alternative
enter   sequence_of_statements, LT(1)=return
enter   statement, LT(1)=return
enter   simple_statement, LT(1)=return
enter   return_statement, LT(1)=return
consume [@95,1684:1689='return',<69>,63:8] rule return_statement
enter   expression, LT(1)=TRUE
enter   relation, LT(1)=TRUE
enter   simple_expression, LT(1)=TRUE
enter   term, LT(1)=TRUE
enter   factor, LT(1)=TRUE
enter   primary, LT(1)=TRUE
enter   name, LT(1)=TRUE
enter   direct_name, LT(1)=TRUE
consume [@96,1691:1694='TRUE',<96>,63:15] rule direct_name
exit    direct_name, LT(1)=;
exit    name, LT(1)=;
exit    primary, LT(1)=;
exit    factor, LT(1)=;
exit    term, LT(1)=;
exit    simple_expression, LT(1)=;
exit    relation, LT(1)=;
exit    expression, LT(1)=;
consume [@97,1695:1695=';',<4>,63:19] rule return_statement
exit    return_statement, LT(1)=when
exit    simple_statement, LT(1)=when
exit    statement, LT(1)=when
exit    sequence_of_statements, LT(1)=when
exit    case_statement_alternative, LT(1)=when
enter   case_statement_alternative, LT(1)=when
consume [@98,1726:1729='when',<81>,65:6] rule case_statement_alternative
enter   discrete_choice_list, LT(1)=APR_FIX
enter   discrete_choice, LT(1)=APR_FIX
enter   expression, LT(1)=APR_FIX
enter   relation, LT(1)=APR_FIX
enter   simple_expression, LT(1)=APR_FIX
enter   term, LT(1)=APR_FIX
enter   factor, LT(1)=APR_FIX
enter   primary, LT(1)=APR_FIX
enter   name, LT(1)=APR_FIX
enter   direct_name, LT(1)=APR_FIX
consume [@99,1731:1737='APR_FIX',<96>,65:11] rule direct_name
exit    direct_name, LT(1)==>
exit    name, LT(1)==>
exit    primary, LT(1)==>
exit    factor, LT(1)==>
exit    term, LT(1)==>
exit    simple_expression, LT(1)==>
exit    relation, LT(1)==>
exit    expression, LT(1)==>
exit    discrete_choice, LT(1)==>
exit    discrete_choice_list, LT(1)==>
consume [@100,1739:1740='=>',<5>,65:19] rule case_statement_alternative
enter   sequence_of_statements, LT(1)=return
enter   statement, LT(1)=return
enter   simple_statement, LT(1)=return
enter   return_statement, LT(1)=return
consume [@101,1796:1801='return',<69>,68:8] rule return_statement
enter   expression, LT(1)=FALSE
enter   relation, LT(1)=FALSE
enter   simple_expression, LT(1)=FALSE
enter   term, LT(1)=FALSE
enter   factor, LT(1)=FALSE
enter   primary, LT(1)=FALSE
enter   name, LT(1)=FALSE
enter   direct_name, LT(1)=FALSE
consume [@102,1803:1807='FALSE',<96>,68:15] rule direct_name
exit    direct_name, LT(1)=;
exit    name, LT(1)=;
exit    primary, LT(1)=;
exit    factor, LT(1)=;
exit    term, LT(1)=;
exit    simple_expression, LT(1)=;
exit    relation, LT(1)=;
exit    expression, LT(1)=;
consume [@103,1808:1808=';',<4>,68:20] rule return_statement
exit    return_statement, LT(1)=when
exit    simple_statement, LT(1)=when
exit    statement, LT(1)=when
exit    sequence_of_statements, LT(1)=when
exit    case_statement_alternative, LT(1)=when
enter   case_statement_alternative, LT(1)=when
consume [@104,1857:1860='when',<81>,70:6] rule case_statement_alternative
enter   discrete_choice_list, LT(1)=PCFL_TAS_FIX
enter   discrete_choice, LT(1)=PCFL_TAS_FIX
enter   expression, LT(1)=PCFL_TAS_FIX
enter   relation, LT(1)=PCFL_TAS_FIX
enter   simple_expression, LT(1)=PCFL_TAS_FIX
enter   term, LT(1)=PCFL_TAS_FIX
enter   factor, LT(1)=PCFL_TAS_FIX
enter   primary, LT(1)=PCFL_TAS_FIX
enter   name, LT(1)=PCFL_TAS_FIX
enter   direct_name, LT(1)=PCFL_TAS_FIX
consume [@105,1862:1873='PCFL_TAS_FIX',<96>,70:11] rule direct_name
exit    direct_name, LT(1)==>
exit    name, LT(1)==>
exit    primary, LT(1)==>
exit    factor, LT(1)==>
exit    term, LT(1)==>
exit    simple_expression, LT(1)==>
exit    relation, LT(1)==>
exit    expression, LT(1)==>
exit    discrete_choice, LT(1)==>
exit    discrete_choice_list, LT(1)==>
consume [@106,1875:1876='=>',<5>,70:24] rule case_statement_alternative
enter   sequence_of_statements, LT(1)=return
enter   statement, LT(1)=return
enter   simple_statement, LT(1)=return
enter   return_statement, LT(1)=return
consume [@107,1886:1891='return',<69>,71:8] rule return_statement
enter   expression, LT(1)=TRUE
enter   relation, LT(1)=TRUE
enter   simple_expression, LT(1)=TRUE
enter   term, LT(1)=TRUE
enter   factor, LT(1)=TRUE
enter   primary, LT(1)=TRUE
enter   name, LT(1)=TRUE
enter   direct_name, LT(1)=TRUE
consume [@108,1893:1896='TRUE',<96>,71:15] rule direct_name
exit    direct_name, LT(1)=;
exit    name, LT(1)=;
exit    primary, LT(1)=;
exit    factor, LT(1)=;
exit    term, LT(1)=;
exit    simple_expression, LT(1)=;
exit    relation, LT(1)=;
exit    expression, LT(1)=;
consume [@109,1897:1897=';',<4>,71:19] rule return_statement
exit    return_statement, LT(1)=when
exit    simple_statement, LT(1)=when
exit    statement, LT(1)=when
exit    sequence_of_statements, LT(1)=when
exit    case_statement_alternative, LT(1)=when
enter   case_statement_alternative, LT(1)=when
consume [@110,1941:1944='when',<81>,73:6] rule case_statement_alternative
enter   discrete_choice_list, LT(1)=DPE_POINT
enter   discrete_choice, LT(1)=DPE_POINT
enter   expression, LT(1)=DPE_POINT
enter   relation, LT(1)=DPE_POINT
enter   simple_expression, LT(1)=DPE_POINT
enter   term, LT(1)=DPE_POINT
enter   factor, LT(1)=DPE_POINT
enter   primary, LT(1)=DPE_POINT
enter   name, LT(1)=DPE_POINT
enter   direct_name, LT(1)=DPE_POINT
consume [@111,1946:1954='DPE_POINT',<96>,73:11] rule direct_name
exit    direct_name, LT(1)==>
exit    name, LT(1)==>
exit    primary, LT(1)==>
exit    factor, LT(1)==>
exit    term, LT(1)==>
exit    simple_expression, LT(1)==>
exit    relation, LT(1)==>
exit    expression, LT(1)==>
exit    discrete_choice, LT(1)==>
exit    discrete_choice_list, LT(1)==>
consume [@112,1956:1957='=>',<5>,73:21] rule case_statement_alternative
enter   sequence_of_statements, LT(1)=return
enter   statement, LT(1)=return
enter   simple_statement, LT(1)=return
enter   return_statement, LT(1)=return
consume [@113,1967:1972='return',<69>,74:8] rule return_statement
enter   expression, LT(1)=FALSE
enter   relation, LT(1)=FALSE
enter   simple_expression, LT(1)=FALSE
enter   term, LT(1)=FALSE
enter   factor, LT(1)=FALSE
enter   primary, LT(1)=FALSE
enter   name, LT(1)=FALSE
enter   direct_name, LT(1)=FALSE
consume [@114,1974:1978='FALSE',<96>,74:15] rule direct_name
exit    direct_name, LT(1)=;
exit    name, LT(1)=;
exit    primary, LT(1)=;
exit    factor, LT(1)=;
exit    term, LT(1)=;
exit    simple_expression, LT(1)=;
exit    relation, LT(1)=;
exit    expression, LT(1)=;
consume [@115,1979:1979=';',<4>,74:20] rule return_statement
exit    return_statement, LT(1)=when
exit    simple_statement, LT(1)=when
exit    statement, LT(1)=when
exit    sequence_of_statements, LT(1)=when
exit    case_statement_alternative, LT(1)=when
enter   case_statement_alternative, LT(1)=when
consume [@116,1987:1990='when',<81>,75:6] rule case_statement_alternative
enter   discrete_choice_list, LT(1)=METEO_POINT
enter   discrete_choice, LT(1)=METEO_POINT
enter   expression, LT(1)=METEO_POINT
enter   relation, LT(1)=METEO_POINT
enter   simple_expression, LT(1)=METEO_POINT
enter   term, LT(1)=METEO_POINT
enter   factor, LT(1)=METEO_POINT
enter   primary, LT(1)=METEO_POINT
enter   name, LT(1)=METEO_POINT
enter   direct_name, LT(1)=METEO_POINT
consume [@117,1992:2002='METEO_POINT',<96>,75:11] rule direct_name
exit    direct_name, LT(1)==>
exit    name, LT(1)==>
exit    primary, LT(1)==>
exit    factor, LT(1)==>
exit    term, LT(1)==>
exit    simple_expression, LT(1)==>
exit    relation, LT(1)==>
exit    expression, LT(1)==>
exit    discrete_choice, LT(1)==>
exit    discrete_choice_list, LT(1)==>
consume [@118,2004:2005='=>',<5>,75:23] rule case_statement_alternative
enter   sequence_of_statements, LT(1)=return
enter   statement, LT(1)=return
enter   simple_statement, LT(1)=return
enter   return_statement, LT(1)=return
consume [@119,2015:2020='return',<69>,76:8] rule return_statement
enter   expression, LT(1)=FALSE
enter   relation, LT(1)=FALSE
enter   simple_expression, LT(1)=FALSE
enter   term, LT(1)=FALSE
enter   factor, LT(1)=FALSE
enter   primary, LT(1)=FALSE
enter   name, LT(1)=FALSE
enter   direct_name, LT(1)=FALSE
consume [@120,2022:2026='FALSE',<96>,76:15] rule direct_name
exit    direct_name, LT(1)=;
exit    name, LT(1)=;
exit    primary, LT(1)=;
exit    factor, LT(1)=;
exit    term, LT(1)=;
exit    simple_expression, LT(1)=;
exit    relation, LT(1)=;
exit    expression, LT(1)=;
consume [@121,2027:2027=';',<4>,76:20] rule return_statement
exit    return_statement, LT(1)=when
exit    simple_statement, LT(1)=when
exit    statement, LT(1)=when
exit    sequence_of_statements, LT(1)=when
exit    case_statement_alternative, LT(1)=when
enter   case_statement_alternative, LT(1)=when
consume [@122,2035:2038='when',<81>,77:6] rule case_statement_alternative
enter   discrete_choice_list, LT(1)=CALIBRATED_POINT
enter   discrete_choice, LT(1)=CALIBRATED_POINT
enter   expression, LT(1)=CALIBRATED_POINT
enter   relation, LT(1)=CALIBRATED_POINT
enter   simple_expression, LT(1)=CALIBRATED_POINT
enter   term, LT(1)=CALIBRATED_POINT
enter   factor, LT(1)=CALIBRATED_POINT
enter   primary, LT(1)=CALIBRATED_POINT
enter   name, LT(1)=CALIBRATED_POINT
enter   direct_name, LT(1)=CALIBRATED_POINT
consume [@123,2040:2055='CALIBRATED_POINT',<96>,77:11] rule direct_name
exit    direct_name, LT(1)==>
exit    name, LT(1)==>
exit    primary, LT(1)==>
exit    factor, LT(1)==>
exit    term, LT(1)==>
exit    simple_expression, LT(1)==>
exit    relation, LT(1)==>
exit    expression, LT(1)==>
exit    discrete_choice, LT(1)==>
exit    discrete_choice_list, LT(1)==>
consume [@124,2057:2058='=>',<5>,77:28] rule case_statement_alternative
enter   sequence_of_statements, LT(1)=return
enter   statement, LT(1)=return
enter   simple_statement, LT(1)=return
enter   return_statement, LT(1)=return
consume [@125,2068:2073='return',<69>,78:8] rule return_statement
enter   expression, LT(1)=FALSE
enter   relation, LT(1)=FALSE
enter   simple_expression, LT(1)=FALSE
enter   term, LT(1)=FALSE
enter   factor, LT(1)=FALSE
enter   primary, LT(1)=FALSE
enter   name, LT(1)=FALSE
enter   direct_name, LT(1)=FALSE
consume [@126,2075:2079='FALSE',<96>,78:15] rule direct_name
exit    direct_name, LT(1)=;
exit    name, LT(1)=;
exit    primary, LT(1)=;
exit    factor, LT(1)=;
exit    term, LT(1)=;
exit    simple_expression, LT(1)=;
exit    relation, LT(1)=;
exit    expression, LT(1)=;
consume [@127,2080:2080=';',<4>,78:20] rule return_statement
exit    return_statement, LT(1)=when
exit    simple_statement, LT(1)=when
exit    statement, LT(1)=when
exit    sequence_of_statements, LT(1)=when
exit    case_statement_alternative, LT(1)=when
enter   case_statement_alternative, LT(1)=when
consume [@128,2088:2091='when',<81>,79:6] rule case_statement_alternative
enter   discrete_choice_list, LT(1)=EOA_POINT
enter   discrete_choice, LT(1)=EOA_POINT
enter   expression, LT(1)=EOA_POINT
enter   relation, LT(1)=EOA_POINT
enter   simple_expression, LT(1)=EOA_POINT
enter   term, LT(1)=EOA_POINT
enter   factor, LT(1)=EOA_POINT
enter   primary, LT(1)=EOA_POINT
enter   name, LT(1)=EOA_POINT
enter   direct_name, LT(1)=EOA_POINT
consume [@129,2093:2101='EOA_POINT',<96>,79:11] rule direct_name
exit    direct_name, LT(1)==>
exit    name, LT(1)==>
exit    primary, LT(1)==>
exit    factor, LT(1)==>
exit    term, LT(1)==>
exit    simple_expression, LT(1)==>
exit    relation, LT(1)==>
exit    expression, LT(1)==>
exit    discrete_choice, LT(1)==>
exit    discrete_choice_list, LT(1)==>
consume [@130,2103:2104='=>',<5>,79:21] rule case_statement_alternative
enter   sequence_of_statements, LT(1)=return
enter   statement, LT(1)=return
enter   simple_statement, LT(1)=return
enter   return_statement, LT(1)=return
consume [@131,2114:2119='return',<69>,80:8] rule return_statement
enter   expression, LT(1)=FALSE
enter   relation, LT(1)=FALSE
enter   simple_expression, LT(1)=FALSE
enter   term, LT(1)=FALSE
enter   factor, LT(1)=FALSE
enter   primary, LT(1)=FALSE
enter   name, LT(1)=FALSE
enter   direct_name, LT(1)=FALSE
consume [@132,2121:2125='FALSE',<96>,80:15] rule direct_name
exit    direct_name, LT(1)=;
exit    name, LT(1)=;
exit    primary, LT(1)=;
exit    factor, LT(1)=;
exit    term, LT(1)=;
exit    simple_expression, LT(1)=;
exit    relation, LT(1)=;
exit    expression, LT(1)=;
consume [@133,2126:2126=';',<4>,80:20] rule return_statement
exit    return_statement, LT(1)=end
exit    simple_statement, LT(1)=end
exit    statement, LT(1)=end
exit    sequence_of_statements, LT(1)=end
exit    case_statement_alternative, LT(1)=end
consume [@134,2166:2168='end',<37>,83:3] rule case_statement
consume [@135,2170:2173='case',<28>,83:7] rule case_statement
consume [@136,2174:2174=';',<4>,83:11] rule case_statement
exit    case_statement, LT(1)=end
exit    compound_statement, LT(1)=end
exit    statement, LT(1)=end
exit    sequence_of_statements, LT(1)=end
exit    handled_sequence_of_statements, LT(1)=end
consume [@137,2177:2179='end',<37>,85:0] rule subprogram_body
enter   designator, LT(1)=IS_ELIGIBLE_FOR_POSITION_REPORT
consume [@138,2181:2211='IS_ELIGIBLE_FOR_POSITION_REPORT',<96>,85:4] rule designator
exit    designator, LT(1)=;
consume [@139,2212:2212=';',<4>,85:35] rule subprogram_body
exit    subprogram_body, LT(1)=function
exit    proper_body, LT(1)=function
exit    body_block, LT(1)=function
exit    declarative_item, LT(1)=function
enter   declarative_item, LT(1)=function
enter   body_block, LT(1)=function
enter   proper_body, LT(1)=function
enter   subprogram_body, LT(1)=function
enter   subprogram_specification, LT(1)=function
consume [@140,2992:2999='function',<42>,112:0] rule subprogram_specification
enter   defining_designator, LT(1)=IS_ELIGIBLE_AS_RAM_POINT
enter   defining_program_unit_name, LT(1)=IS_ELIGIBLE_AS_RAM_POINT
enter   defining_identifier, LT(1)=IS_ELIGIBLE_AS_RAM_POINT
consume [@141,3001:3024='IS_ELIGIBLE_AS_RAM_POINT',<96>,112:9] rule defining_identifier
exit    defining_identifier, LT(1)=(
exit    defining_program_unit_name, LT(1)=(
exit    defining_designator, LT(1)=(
enter   parameter_and_result_profile, LT(1)=(
enter   formal_part, LT(1)=(
consume [@142,3026:3026='(',<1>,112:34] rule formal_part
enter   parameter_specification, LT(1)=FIX_KIND
enter   defining_identifier_list, LT(1)=FIX_KIND
enter   defining_identifier, LT(1)=FIX_KIND
consume [@143,3028:3035='FIX_KIND',<96>,112:36] rule defining_identifier
exit    defining_identifier, LT(1)=:
exit    defining_identifier_list, LT(1)=:
consume [@144,3037:3037=':',<6>,112:45] rule parameter_specification
enter   io_mode, LT(1)=in
consume [@145,3039:3040='in',<46>,112:47] rule io_mode
exit    io_mode, LT(1)=POINT_KIND_T
enter   subtype_mark, LT(1)=POINT_KIND_T
enter   subtype_name, LT(1)=POINT_KIND_T
enter   name, LT(1)=POINT_KIND_T
enter   direct_name, LT(1)=POINT_KIND_T
consume [@146,3042:3053='POINT_KIND_T',<96>,112:50] rule direct_name
exit    direct_name, LT(1)=)
exit    name, LT(1)=)
exit    subtype_name, LT(1)=)
exit    subtype_mark, LT(1)=)
exit    parameter_specification, LT(1)=)
consume [@147,3054:3054=')',<3>,112:62] rule formal_part
exit    formal_part, LT(1)=return
consume [@148,3056:3061='return',<69>,112:64] rule parameter_and_result_profile
enter   subtype_mark, LT(1)=BOOLEAN
enter   subtype_name, LT(1)=BOOLEAN
enter   name, LT(1)=BOOLEAN
enter   direct_name, LT(1)=BOOLEAN
consume [@149,3063:3069='BOOLEAN',<96>,112:71] rule direct_name
exit    direct_name, LT(1)=is
exit    name, LT(1)=is
exit    subtype_name, LT(1)=is
exit    subtype_mark, LT(1)=is
exit    parameter_and_result_profile, LT(1)=is
exit    subprogram_specification, LT(1)=is
consume [@150,3071:3072='is',<47>,112:79] rule subprogram_body
enter   declarative_part, LT(1)=begin
exit    declarative_part, LT(1)=begin
consume [@151,3077:3081='begin',<26>,114:2] rule subprogram_body
enter   handled_sequence_of_statements, LT(1)=case
enter   sequence_of_statements, LT(1)=case
enter   statement, LT(1)=case
enter   compound_statement, LT(1)=case
enter   case_statement, LT(1)=case
consume [@152,3087:3090='case',<28>,115:4] rule case_statement
enter   expression, LT(1)=FIX_KIND
enter   relation, LT(1)=FIX_KIND
enter   simple_expression, LT(1)=FIX_KIND
enter   term, LT(1)=FIX_KIND
enter   factor, LT(1)=FIX_KIND
enter   primary, LT(1)=FIX_KIND
enter   name, LT(1)=FIX_KIND
enter   direct_name, LT(1)=FIX_KIND
consume [@153,3092:3099='FIX_KIND',<96>,115:9] rule direct_name
exit    direct_name, LT(1)=is
exit    name, LT(1)=is
exit    primary, LT(1)=is
exit    factor, LT(1)=is
exit    term, LT(1)=is
exit    simple_expression, LT(1)=is
exit    relation, LT(1)=is
exit    expression, LT(1)=is
consume [@154,3101:3102='is',<47>,115:18] rule case_statement
enter   case_statement_alternative, LT(1)=when
consume [@155,3110:3113='when',<81>,116:6] rule case_statement_alternative
enter   discrete_choice_list, LT(1)=RP
enter   discrete_choice, LT(1)=RP
enter   expression, LT(1)=RP
enter   relation, LT(1)=RP
enter   simple_expression, LT(1)=RP
enter   term, LT(1)=RP
enter   factor, LT(1)=RP
enter   primary, LT(1)=RP
enter   name, LT(1)=RP
enter   direct_name, LT(1)=RP
consume [@156,3115:3116='RP',<96>,116:11] rule direct_name
exit    direct_name, LT(1)==>
exit    name, LT(1)==>
exit    primary, LT(1)==>
exit    factor, LT(1)==>
exit    term, LT(1)==>
exit    simple_expression, LT(1)==>
exit    relation, LT(1)==>
exit    expression, LT(1)==>
exit    discrete_choice, LT(1)==>
exit    discrete_choice_list, LT(1)==>
consume [@157,3118:3119='=>',<5>,116:14] rule case_statement_alternative
enter   sequence_of_statements, LT(1)=return
enter   statement, LT(1)=return
enter   simple_statement, LT(1)=return
enter   return_statement, LT(1)=return
consume [@158,3129:3134='return',<69>,117:8] rule return_statement
enter   expression, LT(1)=TRUE
enter   relation, LT(1)=TRUE
enter   simple_expression, LT(1)=TRUE
enter   term, LT(1)=TRUE
enter   factor, LT(1)=TRUE
enter   primary, LT(1)=TRUE
enter   name, LT(1)=TRUE
enter   direct_name, LT(1)=TRUE
consume [@159,3136:3139='TRUE',<96>,117:15] rule direct_name
exit    direct_name, LT(1)=;
exit    name, LT(1)=;
exit    primary, LT(1)=;
exit    factor, LT(1)=;
exit    term, LT(1)=;
exit    simple_expression, LT(1)=;
exit    relation, LT(1)=;
exit    expression, LT(1)=;
consume [@160,3140:3140=';',<4>,117:19] rule return_statement
exit    return_statement, LT(1)=when
exit    simple_statement, LT(1)=when
exit    statement, LT(1)=when
exit    sequence_of_statements, LT(1)=when
exit    case_statement_alternative, LT(1)=when
enter   case_statement_alternative, LT(1)=when
consume [@161,3148:3151='when',<81>,118:6] rule case_statement_alternative
enter   discrete_choice_list, LT(1)=CP
enter   discrete_choice, LT(1)=CP
enter   expression, LT(1)=CP
enter   relation, LT(1)=CP
enter   simple_expression, LT(1)=CP
enter   term, LT(1)=CP
enter   factor, LT(1)=CP
enter   primary, LT(1)=CP
enter   name, LT(1)=CP
enter   direct_name, LT(1)=CP
consume [@162,3153:3154='CP',<96>,118:11] rule direct_name
exit    direct_name, LT(1)==>
exit    name, LT(1)==>
exit    primary, LT(1)==>
exit    factor, LT(1)==>
exit    term, LT(1)==>
exit    simple_expression, LT(1)==>
exit    relation, LT(1)==>
exit    expression, LT(1)==>
exit    discrete_choice, LT(1)==>
exit    discrete_choice_list, LT(1)==>
consume [@163,3156:3157='=>',<5>,118:14] rule case_statement_alternative
enter   sequence_of_statements, LT(1)=return
enter   statement, LT(1)=return
enter   simple_statement, LT(1)=return
enter   return_statement, LT(1)=return
consume [@164,3167:3172='return',<69>,119:8] rule return_statement
enter   expression, LT(1)=FALSE
enter   relation, LT(1)=FALSE
enter   simple_expression, LT(1)=FALSE
enter   term, LT(1)=FALSE
enter   factor, LT(1)=FALSE
enter   primary, LT(1)=FALSE
enter   name, LT(1)=FALSE
enter   direct_name, LT(1)=FALSE
consume [@165,3174:3178='FALSE',<96>,119:15] rule direct_name
exit    direct_name, LT(1)=;
exit    name, LT(1)=;
exit    primary, LT(1)=;
exit    factor, LT(1)=;
exit    term, LT(1)=;
exit    simple_expression, LT(1)=;
exit    relation, LT(1)=;
exit    expression, LT(1)=;
consume [@166,3179:3179=';',<4>,119:20] rule return_statement
exit    return_statement, LT(1)=when
exit    simple_statement, LT(1)=when
exit    statement, LT(1)=when
exit    sequence_of_statements, LT(1)=when
exit    case_statement_alternative, LT(1)=when
enter   case_statement_alternative, LT(1)=when
consume [@167,3187:3190='when',<81>,120:6] rule case_statement_alternative
enter   discrete_choice_list, LT(1)=GP
enter   discrete_choice, LT(1)=GP
enter   expression, LT(1)=GP
enter   relation, LT(1)=GP
enter   simple_expression, LT(1)=GP
enter   term, LT(1)=GP
enter   factor, LT(1)=GP
enter   primary, LT(1)=GP
enter   name, LT(1)=GP
enter   direct_name, LT(1)=GP
consume [@168,3192:3193='GP',<96>,120:11] rule direct_name
exit    direct_name, LT(1)==>
exit    name, LT(1)==>
exit    primary, LT(1)==>
exit    factor, LT(1)==>
exit    term, LT(1)==>
exit    simple_expression, LT(1)==>
exit    relation, LT(1)==>
exit    expression, LT(1)==>
exit    discrete_choice, LT(1)==>
exit    discrete_choice_list, LT(1)==>
consume [@169,3195:3196='=>',<5>,120:14] rule case_statement_alternative
enter   sequence_of_statements, LT(1)=return
enter   statement, LT(1)=return
enter   simple_statement, LT(1)=return
enter   return_statement, LT(1)=return
consume [@170,3206:3211='return',<69>,121:8] rule return_statement
enter   expression, LT(1)=TRUE
enter   relation, LT(1)=TRUE
enter   simple_expression, LT(1)=TRUE
enter   term, LT(1)=TRUE
enter   factor, LT(1)=TRUE
enter   primary, LT(1)=TRUE
enter   name, LT(1)=TRUE
enter   direct_name, LT(1)=TRUE
consume [@171,3213:3216='TRUE',<96>,121:15] rule direct_name
exit    direct_name, LT(1)=;
exit    name, LT(1)=;
exit    primary, LT(1)=;
exit    factor, LT(1)=;
exit    term, LT(1)=;
exit    simple_expression, LT(1)=;
exit    relation, LT(1)=;
exit    expression, LT(1)=;
consume [@172,3217:3217=';',<4>,121:19] rule return_statement
exit    return_statement, LT(1)=when
exit    simple_statement, LT(1)=when
exit    statement, LT(1)=when
exit    sequence_of_statements, LT(1)=when
exit    case_statement_alternative, LT(1)=when
enter   case_statement_alternative, LT(1)=when
consume [@173,3225:3228='when',<81>,122:6] rule case_statement_alternative
enter   discrete_choice_list, LT(1)=UPR
enter   discrete_choice, LT(1)=UPR
enter   expression, LT(1)=UPR
enter   relation, LT(1)=UPR
enter   simple_expression, LT(1)=UPR
enter   term, LT(1)=UPR
enter   factor, LT(1)=UPR
enter   primary, LT(1)=UPR
enter   name, LT(1)=UPR
enter   direct_name, LT(1)=UPR
consume [@174,3230:3232='UPR',<96>,122:11] rule direct_name
exit    direct_name, LT(1)==>
exit    name, LT(1)==>
exit    primary, LT(1)==>
exit    factor, LT(1)==>
exit    term, LT(1)==>
exit    simple_expression, LT(1)==>
exit    relation, LT(1)==>
exit    expression, LT(1)==>
exit    discrete_choice, LT(1)==>
exit    discrete_choice_list, LT(1)==>
consume [@175,3234:3235='=>',<5>,122:15] rule case_statement_alternative
enter   sequence_of_statements, LT(1)=return
enter   statement, LT(1)=return
enter   simple_statement, LT(1)=return
enter   return_statement, LT(1)=return
consume [@176,3245:3250='return',<69>,123:8] rule return_statement
enter   expression, LT(1)=FALSE
enter   relation, LT(1)=FALSE
enter   simple_expression, LT(1)=FALSE
enter   term, LT(1)=FALSE
enter   factor, LT(1)=FALSE
enter   primary, LT(1)=FALSE
enter   name, LT(1)=FALSE
enter   direct_name, LT(1)=FALSE
consume [@177,3252:3256='FALSE',<96>,123:15] rule direct_name
exit    direct_name, LT(1)=;
exit    name, LT(1)=;
exit    primary, LT(1)=;
exit    factor, LT(1)=;
exit    term, LT(1)=;
exit    simple_expression, LT(1)=;
exit    relation, LT(1)=;
exit    expression, LT(1)=;
consume [@178,3257:3257=';',<4>,123:20] rule return_statement
exit    return_statement, LT(1)=when
exit    simple_statement, LT(1)=when
exit    statement, LT(1)=when
exit    sequence_of_statements, LT(1)=when
exit    case_statement_alternative, LT(1)=when
enter   case_statement_alternative, LT(1)=when
consume [@179,3265:3268='when',<81>,124:6] rule case_statement_alternative
enter   discrete_choice_list, LT(1)=EOC_POINT
enter   discrete_choice, LT(1)=EOC_POINT
enter   expression, LT(1)=EOC_POINT
enter   relation, LT(1)=EOC_POINT
enter   simple_expression, LT(1)=EOC_POINT
enter   term, LT(1)=EOC_POINT
enter   factor, LT(1)=EOC_POINT
enter   primary, LT(1)=EOC_POINT
enter   name, LT(1)=EOC_POINT
enter   direct_name, LT(1)=EOC_POINT
consume [@180,3270:3278='EOC_POINT',<96>,124:11] rule direct_name
exit    direct_name, LT(1)==>
exit    name, LT(1)==>
exit    primary, LT(1)==>
exit    factor, LT(1)==>
exit    term, LT(1)==>
exit    simple_expression, LT(1)==>
exit    relation, LT(1)==>
exit    expression, LT(1)==>
exit    discrete_choice, LT(1)==>
exit    discrete_choice_list, LT(1)==>
consume [@181,3280:3281='=>',<5>,124:21] rule case_statement_alternative
enter   sequence_of_statements, LT(1)=return
enter   statement, LT(1)=return
enter   simple_statement, LT(1)=return
enter   return_statement, LT(1)=return
consume [@182,3291:3296='return',<69>,125:8] rule return_statement
enter   expression, LT(1)=FALSE
enter   relation, LT(1)=FALSE
enter   simple_expression, LT(1)=FALSE
enter   term, LT(1)=FALSE
enter   factor, LT(1)=FALSE
enter   primary, LT(1)=FALSE
enter   name, LT(1)=FALSE
enter   direct_name, LT(1)=FALSE
consume [@183,3298:3302='FALSE',<96>,125:15] rule direct_name
exit    direct_name, LT(1)=;
exit    name, LT(1)=;
exit    primary, LT(1)=;
exit    factor, LT(1)=;
exit    term, LT(1)=;
exit    simple_expression, LT(1)=;
exit    relation, LT(1)=;
exit    expression, LT(1)=;
consume [@184,3303:3303=';',<4>,125:20] rule return_statement
exit    return_statement, LT(1)=when
exit    simple_statement, LT(1)=when
exit    statement, LT(1)=when
exit    sequence_of_statements, LT(1)=when
exit    case_statement_alternative, LT(1)=when
enter   case_statement_alternative, LT(1)=when
consume [@185,3311:3314='when',<81>,126:6] rule case_statement_alternative
enter   discrete_choice_list, LT(1)=EXT_POINT
enter   discrete_choice, LT(1)=EXT_POINT
enter   expression, LT(1)=EXT_POINT
enter   relation, LT(1)=EXT_POINT
enter   simple_expression, LT(1)=EXT_POINT
enter   term, LT(1)=EXT_POINT
enter   factor, LT(1)=EXT_POINT
enter   primary, LT(1)=EXT_POINT
enter   name, LT(1)=EXT_POINT
enter   direct_name, LT(1)=EXT_POINT
consume [@186,3316:3324='EXT_POINT',<96>,126:11] rule direct_name
exit    direct_name, LT(1)==>
exit    name, LT(1)==>
exit    primary, LT(1)==>
exit    factor, LT(1)==>
exit    term, LT(1)==>
exit    simple_expression, LT(1)==>
exit    relation, LT(1)==>
exit    expression, LT(1)==>
exit    discrete_choice, LT(1)==>
exit    discrete_choice_list, LT(1)==>
consume [@187,3326:3327='=>',<5>,126:21] rule case_statement_alternative
enter   sequence_of_statements, LT(1)=return
enter   statement, LT(1)=return
enter   simple_statement, LT(1)=return
enter   return_statement, LT(1)=return
consume [@188,3337:3342='return',<69>,127:8] rule return_statement
enter   expression, LT(1)=TRUE
enter   relation, LT(1)=TRUE
enter   simple_expression, LT(1)=TRUE
enter   term, LT(1)=TRUE
enter   factor, LT(1)=TRUE
enter   primary, LT(1)=TRUE
enter   name, LT(1)=TRUE
enter   direct_name, LT(1)=TRUE
consume [@189,3344:3347='TRUE',<96>,127:15] rule direct_name
exit    direct_name, LT(1)=;
exit    name, LT(1)=;
exit    primary, LT(1)=;
exit    factor, LT(1)=;
exit    term, LT(1)=;
exit    simple_expression, LT(1)=;
exit    relation, LT(1)=;
exit    expression, LT(1)=;
consume [@190,3348:3348=';',<4>,127:19] rule return_statement
exit    return_statement, LT(1)=when
exit    simple_statement, LT(1)=when
exit    statement, LT(1)=when
exit    sequence_of_statements, LT(1)=when
exit    case_statement_alternative, LT(1)=when
enter   case_statement_alternative, LT(1)=when
consume [@191,3356:3359='when',<81>,128:6] rule case_statement_alternative
enter   discrete_choice_list, LT(1)=ENT_POINT
enter   discrete_choice, LT(1)=ENT_POINT
enter   expression, LT(1)=ENT_POINT
enter   relation, LT(1)=ENT_POINT
enter   simple_expression, LT(1)=ENT_POINT
enter   term, LT(1)=ENT_POINT
enter   factor, LT(1)=ENT_POINT
enter   primary, LT(1)=ENT_POINT
enter   name, LT(1)=ENT_POINT
enter   direct_name, LT(1)=ENT_POINT
consume [@192,3361:3369='ENT_POINT',<96>,128:11] rule direct_name
exit    direct_name, LT(1)==>
exit    name, LT(1)==>
exit    primary, LT(1)==>
exit    factor, LT(1)==>
exit    term, LT(1)==>
exit    simple_expression, LT(1)==>
exit    relation, LT(1)==>
exit    expression, LT(1)==>
exit    discrete_choice, LT(1)==>
exit    discrete_choice_list, LT(1)==>
consume [@193,3371:3372='=>',<5>,128:21] rule case_statement_alternative
enter   sequence_of_statements, LT(1)=return
enter   statement, LT(1)=return
enter   simple_statement, LT(1)=return
enter   return_statement, LT(1)=return
consume [@194,3382:3387='return',<69>,129:8] rule return_statement
enter   expression, LT(1)=TRUE
enter   relation, LT(1)=TRUE
enter   simple_expression, LT(1)=TRUE
enter   term, LT(1)=TRUE
enter   factor, LT(1)=TRUE
enter   primary, LT(1)=TRUE
enter   name, LT(1)=TRUE
enter   direct_name, LT(1)=TRUE
consume [@195,3389:3392='TRUE',<96>,129:15] rule direct_name
exit    direct_name, LT(1)=;
exit    name, LT(1)=;
exit    primary, LT(1)=;
exit    factor, LT(1)=;
exit    term, LT(1)=;
exit    simple_expression, LT(1)=;
exit    relation, LT(1)=;
exit    expression, LT(1)=;
consume [@196,3393:3393=';',<4>,129:19] rule return_statement
exit    return_statement, LT(1)=when
exit    simple_statement, LT(1)=when
exit    statement, LT(1)=when
exit    sequence_of_statements, LT(1)=when
exit    case_statement_alternative, LT(1)=when
enter   case_statement_alternative, LT(1)=when
consume [@197,3401:3404='when',<81>,130:6] rule case_statement_alternative
enter   discrete_choice_list, LT(1)=TRANS_POINT
enter   discrete_choice, LT(1)=TRANS_POINT
enter   expression, LT(1)=TRANS_POINT
enter   relation, LT(1)=TRANS_POINT
enter   simple_expression, LT(1)=TRANS_POINT
enter   term, LT(1)=TRANS_POINT
enter   factor, LT(1)=TRANS_POINT
enter   primary, LT(1)=TRANS_POINT
enter   name, LT(1)=TRANS_POINT
enter   direct_name, LT(1)=TRANS_POINT
consume [@198,3406:3416='TRANS_POINT',<96>,130:11] rule direct_name
exit    direct_name, LT(1)==>
exit    name, LT(1)==>
exit    primary, LT(1)==>
exit    factor, LT(1)==>
exit    term, LT(1)==>
exit    simple_expression, LT(1)==>
exit    relation, LT(1)==>
exit    expression, LT(1)==>
exit    discrete_choice, LT(1)==>
exit    discrete_choice_list, LT(1)==>
consume [@199,3418:3419='=>',<5>,130:23] rule case_statement_alternative
enter   sequence_of_statements, LT(1)=return
enter   statement, LT(1)=return
enter   simple_statement, LT(1)=return
enter   return_statement, LT(1)=return
consume [@200,3429:3434='return',<69>,131:8] rule return_statement
enter   expression, LT(1)=FALSE
enter   relation, LT(1)=FALSE
enter   simple_expression, LT(1)=FALSE
enter   term, LT(1)=FALSE
enter   factor, LT(1)=FALSE
enter   primary, LT(1)=FALSE
enter   name, LT(1)=FALSE
enter   direct_name, LT(1)=FALSE
consume [@201,3436:3440='FALSE',<96>,131:15] rule direct_name
exit    direct_name, LT(1)=;
exit    name, LT(1)=;
exit    primary, LT(1)=;
exit    factor, LT(1)=;
exit    term, LT(1)=;
exit    simple_expression, LT(1)=;
exit    relation, LT(1)=;
exit    expression, LT(1)=;
consume [@202,3441:3441=';',<4>,131:20] rule return_statement
exit    return_statement, LT(1)=when
exit    simple_statement, LT(1)=when
exit    statement, LT(1)=when
exit    sequence_of_statements, LT(1)=when
exit    case_statement_alternative, LT(1)=when
enter   case_statement_alternative, LT(1)=when
consume [@203,3449:3452='when',<81>,132:6] rule case_statement_alternative
enter   discrete_choice_list, LT(1)=AIRPORT
enter   discrete_choice, LT(1)=AIRPORT
enter   expression, LT(1)=AIRPORT
enter   relation, LT(1)=AIRPORT
enter   simple_expression, LT(1)=AIRPORT
enter   term, LT(1)=AIRPORT
enter   factor, LT(1)=AIRPORT
enter   primary, LT(1)=AIRPORT
enter   name, LT(1)=AIRPORT
enter   direct_name, LT(1)=AIRPORT
consume [@204,3454:3460='AIRPORT',<96>,132:11] rule direct_name
exit    direct_name, LT(1)==>
exit    name, LT(1)==>
exit    primary, LT(1)==>
exit    factor, LT(1)==>
exit    term, LT(1)==>
exit    simple_expression, LT(1)==>
exit    relation, LT(1)==>
exit    expression, LT(1)==>
exit    discrete_choice, LT(1)==>
exit    discrete_choice_list, LT(1)==>
consume [@205,3462:3463='=>',<5>,132:19] rule case_statement_alternative
enter   sequence_of_statements, LT(1)=return
enter   statement, LT(1)=return
enter   simple_statement, LT(1)=return
enter   return_statement, LT(1)=return
consume [@206,3473:3478='return',<69>,133:8] rule return_statement
enter   expression, LT(1)=TRUE
enter   relation, LT(1)=TRUE
enter   simple_expression, LT(1)=TRUE
enter   term, LT(1)=TRUE
enter   factor, LT(1)=TRUE
enter   primary, LT(1)=TRUE
enter   name, LT(1)=TRUE
enter   direct_name, LT(1)=TRUE
consume [@207,3480:3483='TRUE',<96>,133:15] rule direct_name
exit    direct_name, LT(1)=;
exit    name, LT(1)=;
exit    primary, LT(1)=;
exit    factor, LT(1)=;
exit    term, LT(1)=;
exit    simple_expression, LT(1)=;
exit    relation, LT(1)=;
exit    expression, LT(1)=;
consume [@208,3484:3484=';',<4>,133:19] rule return_statement
exit    return_statement, LT(1)=when
exit    simple_statement, LT(1)=when
exit    statement, LT(1)=when
exit    sequence_of_statements, LT(1)=when
exit    case_statement_alternative, LT(1)=when
enter   case_statement_alternative, LT(1)=when
consume [@209,3492:3495='when',<81>,134:6] rule case_statement_alternative
enter   discrete_choice_list, LT(1)=HLD_POINT
enter   discrete_choice, LT(1)=HLD_POINT
enter   expression, LT(1)=HLD_POINT
enter   relation, LT(1)=HLD_POINT
enter   simple_expression, LT(1)=HLD_POINT
enter   term, LT(1)=HLD_POINT
enter   factor, LT(1)=HLD_POINT
enter   primary, LT(1)=HLD_POINT
enter   name, LT(1)=HLD_POINT
enter   direct_name, LT(1)=HLD_POINT
consume [@210,3497:3505='HLD_POINT',<96>,134:11] rule direct_name
exit    direct_name, LT(1)==>
exit    name, LT(1)==>
exit    primary, LT(1)==>
exit    factor, LT(1)==>
exit    term, LT(1)==>
exit    simple_expression, LT(1)==>
exit    relation, LT(1)==>
exit    expression, LT(1)==>
exit    discrete_choice, LT(1)==>
exit    discrete_choice_list, LT(1)==>
consume [@211,3507:3508='=>',<5>,134:21] rule case_statement_alternative
enter   sequence_of_statements, LT(1)=return
enter   statement, LT(1)=return
enter   simple_statement, LT(1)=return
enter   return_statement, LT(1)=return
consume [@212,3518:3523='return',<69>,135:8] rule return_statement
enter   expression, LT(1)=FALSE
enter   relation, LT(1)=FALSE
enter   simple_expression, LT(1)=FALSE
enter   term, LT(1)=FALSE
enter   factor, LT(1)=FALSE
enter   primary, LT(1)=FALSE
enter   name, LT(1)=FALSE
enter   direct_name, LT(1)=FALSE
consume [@213,3525:3529='FALSE',<96>,135:15] rule direct_name
exit    direct_name, LT(1)=;
exit    name, LT(1)=;
exit    primary, LT(1)=;
exit    factor, LT(1)=;
exit    term, LT(1)=;
exit    simple_expression, LT(1)=;
exit    relation, LT(1)=;
exit    expression, LT(1)=;
consume [@214,3530:3530=';',<4>,135:20] rule return_statement
exit    return_statement, LT(1)=when
exit    simple_statement, LT(1)=when
exit    statement, LT(1)=when
exit    sequence_of_statements, LT(1)=when
exit    case_statement_alternative, LT(1)=when
enter   case_statement_alternative, LT(1)=when
consume [@215,3538:3541='when',<81>,136:6] rule case_statement_alternative
enter   discrete_choice_list, LT(1)=FPSA_ENT
enter   discrete_choice, LT(1)=FPSA_ENT
enter   expression, LT(1)=FPSA_ENT
enter   relation, LT(1)=FPSA_ENT
enter   simple_expression, LT(1)=FPSA_ENT
enter   term, LT(1)=FPSA_ENT
enter   factor, LT(1)=FPSA_ENT
enter   primary, LT(1)=FPSA_ENT
enter   name, LT(1)=FPSA_ENT
enter   direct_name, LT(1)=FPSA_ENT
consume [@216,3543:3550='FPSA_ENT',<96>,136:11] rule direct_name
exit    direct_name, LT(1)==>
exit    name, LT(1)==>
exit    primary, LT(1)==>
exit    factor, LT(1)==>
exit    term, LT(1)==>
exit    simple_expression, LT(1)==>
exit    relation, LT(1)==>
exit    expression, LT(1)==>
exit    discrete_choice, LT(1)==>
exit    discrete_choice_list, LT(1)==>
consume [@217,3552:3553='=>',<5>,136:20] rule case_statement_alternative
enter   sequence_of_statements, LT(1)=return
enter   statement, LT(1)=return
enter   simple_statement, LT(1)=return
enter   return_statement, LT(1)=return
consume [@218,3563:3568='return',<69>,137:8] rule return_statement
enter   expression, LT(1)=FALSE
enter   relation, LT(1)=FALSE
enter   simple_expression, LT(1)=FALSE
enter   term, LT(1)=FALSE
enter   factor, LT(1)=FALSE
enter   primary, LT(1)=FALSE
enter   name, LT(1)=FALSE
enter   direct_name, LT(1)=FALSE
consume [@219,3570:3574='FALSE',<96>,137:15] rule direct_name
exit    direct_name, LT(1)=;
exit    name, LT(1)=;
exit    primary, LT(1)=;
exit    factor, LT(1)=;
exit    term, LT(1)=;
exit    simple_expression, LT(1)=;
exit    relation, LT(1)=;
exit    expression, LT(1)=;
consume [@220,3575:3575=';',<4>,137:20] rule return_statement
exit    return_statement, LT(1)=when
exit    simple_statement, LT(1)=when
exit    statement, LT(1)=when
exit    sequence_of_statements, LT(1)=when
exit    case_statement_alternative, LT(1)=when
enter   case_statement_alternative, LT(1)=when
consume [@221,3583:3586='when',<81>,138:6] rule case_statement_alternative
enter   discrete_choice_list, LT(1)=FPSA_EXT
enter   discrete_choice, LT(1)=FPSA_EXT
enter   expression, LT(1)=FPSA_EXT
enter   relation, LT(1)=FPSA_EXT
enter   simple_expression, LT(1)=FPSA_EXT
enter   term, LT(1)=FPSA_EXT
enter   factor, LT(1)=FPSA_EXT
enter   primary, LT(1)=FPSA_EXT
enter   name, LT(1)=FPSA_EXT
enter   direct_name, LT(1)=FPSA_EXT
consume [@222,3588:3595='FPSA_EXT',<96>,138:11] rule direct_name
exit    direct_name, LT(1)==>
exit    name, LT(1)==>
exit    primary, LT(1)==>
exit    factor, LT(1)==>
exit    term, LT(1)==>
exit    simple_expression, LT(1)==>
exit    relation, LT(1)==>
exit    expression, LT(1)==>
exit    discrete_choice, LT(1)==>
exit    discrete_choice_list, LT(1)==>
consume [@223,3597:3598='=>',<5>,138:20] rule case_statement_alternative
enter   sequence_of_statements, LT(1)=return
enter   statement, LT(1)=return
enter   simple_statement, LT(1)=return
enter   return_statement, LT(1)=return
consume [@224,3608:3613='return',<69>,139:8] rule return_statement
enter   expression, LT(1)=FALSE
enter   relation, LT(1)=FALSE
enter   simple_expression, LT(1)=FALSE
enter   term, LT(1)=FALSE
enter   factor, LT(1)=FALSE
enter   primary, LT(1)=FALSE
enter   name, LT(1)=FALSE
enter   direct_name, LT(1)=FALSE
consume [@225,3615:3619='FALSE',<96>,139:15] rule direct_name
exit    direct_name, LT(1)=;
exit    name, LT(1)=;
exit    primary, LT(1)=;
exit    factor, LT(1)=;
exit    term, LT(1)=;
exit    simple_expression, LT(1)=;
exit    relation, LT(1)=;
exit    expression, LT(1)=;
consume [@226,3620:3620=';',<4>,139:20] rule return_statement
exit    return_statement, LT(1)=when
exit    simple_statement, LT(1)=when
exit    statement, LT(1)=when
exit    sequence_of_statements, LT(1)=when
exit    case_statement_alternative, LT(1)=when
enter   case_statement_alternative, LT(1)=when
consume [@227,3628:3631='when',<81>,140:6] rule case_statement_alternative
enter   discrete_choice_list, LT(1)=APR_FIX
enter   discrete_choice, LT(1)=APR_FIX
enter   expression, LT(1)=APR_FIX
enter   relation, LT(1)=APR_FIX
enter   simple_expression, LT(1)=APR_FIX
enter   term, LT(1)=APR_FIX
enter   factor, LT(1)=APR_FIX
enter   primary, LT(1)=APR_FIX
enter   name, LT(1)=APR_FIX
enter   direct_name, LT(1)=APR_FIX
consume [@228,3633:3639='APR_FIX',<96>,140:11] rule direct_name
exit    direct_name, LT(1)==>
exit    name, LT(1)==>
exit    primary, LT(1)==>
exit    factor, LT(1)==>
exit    term, LT(1)==>
exit    simple_expression, LT(1)==>
exit    relation, LT(1)==>
exit    expression, LT(1)==>
exit    discrete_choice, LT(1)==>
exit    discrete_choice_list, LT(1)==>
consume [@229,3641:3642='=>',<5>,140:19] rule case_statement_alternative
enter   sequence_of_statements, LT(1)=return
enter   statement, LT(1)=return
enter   simple_statement, LT(1)=return
enter   return_statement, LT(1)=return
consume [@230,3652:3657='return',<69>,141:8] rule return_statement
enter   expression, LT(1)=FALSE
enter   relation, LT(1)=FALSE
enter   simple_expression, LT(1)=FALSE
enter   term, LT(1)=FALSE
enter   factor, LT(1)=FALSE
enter   primary, LT(1)=FALSE
enter   name, LT(1)=FALSE
enter   direct_name, LT(1)=FALSE
consume [@231,3659:3663='FALSE',<96>,141:15] rule direct_name
exit    direct_name, LT(1)=;
exit    name, LT(1)=;
exit    primary, LT(1)=;
exit    factor, LT(1)=;
exit    term, LT(1)=;
exit    simple_expression, LT(1)=;
exit    relation, LT(1)=;
exit    expression, LT(1)=;
consume [@232,3664:3664=';',<4>,141:20] rule return_statement
exit    return_statement, LT(1)=when
exit    simple_statement, LT(1)=when
exit    statement, LT(1)=when
exit    sequence_of_statements, LT(1)=when
exit    case_statement_alternative, LT(1)=when
enter   case_statement_alternative, LT(1)=when
consume [@233,3713:3716='when',<81>,143:6] rule case_statement_alternative
enter   discrete_choice_list, LT(1)=PCFL_TAS_FIX
enter   discrete_choice, LT(1)=PCFL_TAS_FIX
enter   expression, LT(1)=PCFL_TAS_FIX
enter   relation, LT(1)=PCFL_TAS_FIX
enter   simple_expression, LT(1)=PCFL_TAS_FIX
enter   term, LT(1)=PCFL_TAS_FIX
enter   factor, LT(1)=PCFL_TAS_FIX
enter   primary, LT(1)=PCFL_TAS_FIX
enter   name, LT(1)=PCFL_TAS_FIX
enter   direct_name, LT(1)=PCFL_TAS_FIX
consume [@234,3718:3729='PCFL_TAS_FIX',<96>,143:11] rule direct_name
exit    direct_name, LT(1)==>
exit    name, LT(1)==>
exit    primary, LT(1)==>
exit    factor, LT(1)==>
exit    term, LT(1)==>
exit    simple_expression, LT(1)==>
exit    relation, LT(1)==>
exit    expression, LT(1)==>
exit    discrete_choice, LT(1)==>
exit    discrete_choice_list, LT(1)==>
consume [@235,3731:3732='=>',<5>,143:24] rule case_statement_alternative
enter   sequence_of_statements, LT(1)=return
enter   statement, LT(1)=return
enter   simple_statement, LT(1)=return
enter   return_statement, LT(1)=return
consume [@236,3742:3747='return',<69>,144:8] rule return_statement
enter   expression, LT(1)=FALSE
enter   relation, LT(1)=FALSE
enter   simple_expression, LT(1)=FALSE
enter   term, LT(1)=FALSE
enter   factor, LT(1)=FALSE
enter   primary, LT(1)=FALSE
enter   name, LT(1)=FALSE
enter   direct_name, LT(1)=FALSE
consume [@237,3749:3753='FALSE',<96>,144:15] rule direct_name
exit    direct_name, LT(1)=;
exit    name, LT(1)=;
exit    primary, LT(1)=;
exit    factor, LT(1)=;
exit    term, LT(1)=;
exit    simple_expression, LT(1)=;
exit    relation, LT(1)=;
exit    expression, LT(1)=;
consume [@238,3754:3754=';',<4>,144:20] rule return_statement
exit    return_statement, LT(1)=when
exit    simple_statement, LT(1)=when
exit    statement, LT(1)=when
exit    sequence_of_statements, LT(1)=when
exit    case_statement_alternative, LT(1)=when
enter   case_statement_alternative, LT(1)=when
consume [@239,3798:3801='when',<81>,146:6] rule case_statement_alternative
enter   discrete_choice_list, LT(1)=DPE_POINT
enter   discrete_choice, LT(1)=DPE_POINT
enter   expression, LT(1)=DPE_POINT
enter   relation, LT(1)=DPE_POINT
enter   simple_expression, LT(1)=DPE_POINT
enter   term, LT(1)=DPE_POINT
enter   factor, LT(1)=DPE_POINT
enter   primary, LT(1)=DPE_POINT
enter   name, LT(1)=DPE_POINT
enter   direct_name, LT(1)=DPE_POINT
consume [@240,3803:3811='DPE_POINT',<96>,146:11] rule direct_name
exit    direct_name, LT(1)==>
exit    name, LT(1)==>
exit    primary, LT(1)==>
exit    factor, LT(1)==>
exit    term, LT(1)==>
exit    simple_expression, LT(1)==>
exit    relation, LT(1)==>
exit    expression, LT(1)==>
exit    discrete_choice, LT(1)==>
exit    discrete_choice_list, LT(1)==>
consume [@241,3813:3814='=>',<5>,146:21] rule case_statement_alternative
enter   sequence_of_statements, LT(1)=return
enter   statement, LT(1)=return
enter   simple_statement, LT(1)=return
enter   return_statement, LT(1)=return
consume [@242,3824:3829='return',<69>,147:8] rule return_statement
enter   expression, LT(1)=FALSE
enter   relation, LT(1)=FALSE
enter   simple_expression, LT(1)=FALSE
enter   term, LT(1)=FALSE
enter   factor, LT(1)=FALSE
enter   primary, LT(1)=FALSE
enter   name, LT(1)=FALSE
enter   direct_name, LT(1)=FALSE
consume [@243,3831:3835='FALSE',<96>,147:15] rule direct_name
exit    direct_name, LT(1)=;
exit    name, LT(1)=;
exit    primary, LT(1)=;
exit    factor, LT(1)=;
exit    term, LT(1)=;
exit    simple_expression, LT(1)=;
exit    relation, LT(1)=;
exit    expression, LT(1)=;
consume [@244,3836:3836=';',<4>,147:20] rule return_statement
exit    return_statement, LT(1)=when
exit    simple_statement, LT(1)=when
exit    statement, LT(1)=when
exit    sequence_of_statements, LT(1)=when
exit    case_statement_alternative, LT(1)=when
enter   case_statement_alternative, LT(1)=when
consume [@245,3878:3881='when',<81>,149:6] rule case_statement_alternative
enter   discrete_choice_list, LT(1)=METEO_POINT
enter   discrete_choice, LT(1)=METEO_POINT
enter   expression, LT(1)=METEO_POINT
enter   relation, LT(1)=METEO_POINT
enter   simple_expression, LT(1)=METEO_POINT
enter   term, LT(1)=METEO_POINT
enter   factor, LT(1)=METEO_POINT
enter   primary, LT(1)=METEO_POINT
enter   name, LT(1)=METEO_POINT
enter   direct_name, LT(1)=METEO_POINT
consume [@246,3883:3893='METEO_POINT',<96>,149:11] rule direct_name
exit    direct_name, LT(1)==>
exit    name, LT(1)==>
exit    primary, LT(1)==>
exit    factor, LT(1)==>
exit    term, LT(1)==>
exit    simple_expression, LT(1)==>
exit    relation, LT(1)==>
exit    expression, LT(1)==>
exit    discrete_choice, LT(1)==>
exit    discrete_choice_list, LT(1)==>
consume [@247,3895:3896='=>',<5>,149:23] rule case_statement_alternative
enter   sequence_of_statements, LT(1)=return
enter   statement, LT(1)=return
enter   simple_statement, LT(1)=return
enter   return_statement, LT(1)=return
consume [@248,3906:3911='return',<69>,150:8] rule return_statement
enter   expression, LT(1)=FALSE
enter   relation, LT(1)=FALSE
enter   simple_expression, LT(1)=FALSE
enter   term, LT(1)=FALSE
enter   factor, LT(1)=FALSE
enter   primary, LT(1)=FALSE
enter   name, LT(1)=FALSE
enter   direct_name, LT(1)=FALSE
consume [@249,3913:3917='FALSE',<96>,150:15] rule direct_name
exit    direct_name, LT(1)=;
exit    name, LT(1)=;
exit    primary, LT(1)=;
exit    factor, LT(1)=;
exit    term, LT(1)=;
exit    simple_expression, LT(1)=;
exit    relation, LT(1)=;
exit    expression, LT(1)=;
consume [@250,3918:3918=';',<4>,150:20] rule return_statement
exit    return_statement, LT(1)=when
exit    simple_statement, LT(1)=when
exit    statement, LT(1)=when
exit    sequence_of_statements, LT(1)=when
exit    case_statement_alternative, LT(1)=when
enter   case_statement_alternative, LT(1)=when
consume [@251,3926:3929='when',<81>,151:6] rule case_statement_alternative
enter   discrete_choice_list, LT(1)=CALIBRATED_POINT
enter   discrete_choice, LT(1)=CALIBRATED_POINT
enter   expression, LT(1)=CALIBRATED_POINT
enter   relation, LT(1)=CALIBRATED_POINT
enter   simple_expression, LT(1)=CALIBRATED_POINT
enter   term, LT(1)=CALIBRATED_POINT
enter   factor, LT(1)=CALIBRATED_POINT
enter   primary, LT(1)=CALIBRATED_POINT
enter   name, LT(1)=CALIBRATED_POINT
enter   direct_name, LT(1)=CALIBRATED_POINT
consume [@252,3931:3946='CALIBRATED_POINT',<96>,151:11] rule direct_name
exit    direct_name, LT(1)==>
exit    name, LT(1)==>
exit    primary, LT(1)==>
exit    factor, LT(1)==>
exit    term, LT(1)==>
exit    simple_expression, LT(1)==>
exit    relation, LT(1)==>
exit    expression, LT(1)==>
exit    discrete_choice, LT(1)==>
exit    discrete_choice_list, LT(1)==>
consume [@253,3948:3949='=>',<5>,151:28] rule case_statement_alternative
enter   sequence_of_statements, LT(1)=return
enter   statement, LT(1)=return
enter   simple_statement, LT(1)=return
enter   return_statement, LT(1)=return
consume [@254,3959:3964='return',<69>,152:8] rule return_statement
enter   expression, LT(1)=FALSE
enter   relation, LT(1)=FALSE
enter   simple_expression, LT(1)=FALSE
enter   term, LT(1)=FALSE
enter   factor, LT(1)=FALSE
enter   primary, LT(1)=FALSE
enter   name, LT(1)=FALSE
enter   direct_name, LT(1)=FALSE
consume [@255,3966:3970='FALSE',<96>,152:15] rule direct_name
exit    direct_name, LT(1)=;
exit    name, LT(1)=;
exit    primary, LT(1)=;
exit    factor, LT(1)=;
exit    term, LT(1)=;
exit    simple_expression, LT(1)=;
exit    relation, LT(1)=;
exit    expression, LT(1)=;
consume [@256,3971:3971=';',<4>,152:20] rule return_statement
exit    return_statement, LT(1)=when
exit    simple_statement, LT(1)=when
exit    statement, LT(1)=when
exit    sequence_of_statements, LT(1)=when
exit    case_statement_alternative, LT(1)=when
enter   case_statement_alternative, LT(1)=when
consume [@257,3979:3982='when',<81>,153:6] rule case_statement_alternative
enter   discrete_choice_list, LT(1)=EOA_POINT
enter   discrete_choice, LT(1)=EOA_POINT
enter   expression, LT(1)=EOA_POINT
enter   relation, LT(1)=EOA_POINT
enter   simple_expression, LT(1)=EOA_POINT
enter   term, LT(1)=EOA_POINT
enter   factor, LT(1)=EOA_POINT
enter   primary, LT(1)=EOA_POINT
enter   name, LT(1)=EOA_POINT
enter   direct_name, LT(1)=EOA_POINT
consume [@258,3984:3992='EOA_POINT',<96>,153:11] rule direct_name
exit    direct_name, LT(1)==>
exit    name, LT(1)==>
exit    primary, LT(1)==>
exit    factor, LT(1)==>
exit    term, LT(1)==>
exit    simple_expression, LT(1)==>
exit    relation, LT(1)==>
exit    expression, LT(1)==>
exit    discrete_choice, LT(1)==>
exit    discrete_choice_list, LT(1)==>
consume [@259,3994:3995='=>',<5>,153:21] rule case_statement_alternative
enter   sequence_of_statements, LT(1)=return
enter   statement, LT(1)=return
enter   simple_statement, LT(1)=return
enter   return_statement, LT(1)=return
consume [@260,4005:4010='return',<69>,154:8] rule return_statement
enter   expression, LT(1)=FALSE
enter   relation, LT(1)=FALSE
enter   simple_expression, LT(1)=FALSE
enter   term, LT(1)=FALSE
enter   factor, LT(1)=FALSE
enter   primary, LT(1)=FALSE
enter   name, LT(1)=FALSE
enter   direct_name, LT(1)=FALSE
consume [@261,4012:4016='FALSE',<96>,154:15] rule direct_name
exit    direct_name, LT(1)=;
exit    name, LT(1)=;
exit    primary, LT(1)=;
exit    factor, LT(1)=;
exit    term, LT(1)=;
exit    simple_expression, LT(1)=;
exit    relation, LT(1)=;
exit    expression, LT(1)=;
consume [@262,4017:4017=';',<4>,154:20] rule return_statement
exit    return_statement, LT(1)=end
exit    simple_statement, LT(1)=end
exit    statement, LT(1)=end
exit    sequence_of_statements, LT(1)=end
exit    case_statement_alternative, LT(1)=end
consume [@263,4022:4024='end',<37>,155:3] rule case_statement
consume [@264,4026:4029='case',<28>,155:7] rule case_statement
consume [@265,4030:4030=';',<4>,155:11] rule case_statement
exit    case_statement, LT(1)=end
exit    compound_statement, LT(1)=end
exit    statement, LT(1)=end
exit    sequence_of_statements, LT(1)=end
exit    handled_sequence_of_statements, LT(1)=end
consume [@266,4033:4035='end',<37>,157:0] rule subprogram_body
enter   designator, LT(1)=IS_ELIGIBLE_AS_RAM_POINT
consume [@267,4037:4060='IS_ELIGIBLE_AS_RAM_POINT',<96>,157:4] rule designator
exit    designator, LT(1)=;
consume [@268,4061:4061=';',<4>,157:28] rule subprogram_body
exit    subprogram_body, LT(1)=end
exit    proper_body, LT(1)=end
exit    body_block, LT(1)=end
exit    declarative_item, LT(1)=end
exit    declarative_part, LT(1)=end
consume [@269,4065:4067='end',<37>,160:0] rule package_body
consume [@270,4069:4089='IAC_FLIGHT_PLAN_TYPES',<96>,160:4] rule package_body
consume [@271,4090:4090=';',<4>,160:25] rule package_body
exit    package_body, LT(1)=<EOF>
exit    library_unit_body, LT(1)=<EOF>
exit    library_item, LT(1)=<EOF>
exit    compilation_unit, LT(1)=<EOF>
exit    compilation, LT(1)=<EOF>
